<?xml version="1.0" encoding="UTF-8"?>
<!-- Generated by org.testng.reporters.JUnitReportReporter -->
<testsuite hostname="DESKTOP-OGJN7AI" failures="0" tests="1" name="Practise.Variables" time="0.007" errors="0" timestamp="2020-11-01T11:41:10 IST" skipped="0">
  <testcase classname="Practise.Variables" name="test1" time="0.007"/>
  <system-out/>
</testsuite> <!-- Practise.Variables -->
