<?xml version="1.0" encoding="UTF-8"?>
<!-- Generated by org.testng.reporters.JUnitReportReporter -->
<testsuite hostname="DESKTOP-OGJN7AI" failures="0" tests="2" name="Practise.InheritanceExample" time="0.010" errors="0" timestamp="2020-11-02T16:49:56 IST" skipped="0">
  <testcase classname="Practise.InheritanceExample" name="test1" time="0.000"/>
  <system-out/>
  <testcase classname="Practise.InheritanceExample" name="test2" time="0.010"/>
  <system-out/>
</testsuite> <!-- Practise.InheritanceExample -->
