<?xml version="1.0" encoding="UTF-8"?>
<!-- Generated by org.testng.reporters.JUnitReportReporter -->
<testsuite hostname="DESKTOP-OGJN7AI" failures="0" tests="1" name="Practise.iFrames" time="9.805" errors="0" timestamp="2020-10-22T14:50:38 IST" skipped="0">
  <testcase classname="Practise.iFrames" name="test1" time="9.805"/>
  <system-out/>
</testsuite> <!-- Practise.iFrames -->
