<?xml version="1.0" encoding="UTF-8"?>
<!-- Generated by org.testng.reporters.JUnitReportReporter -->
<testsuite hostname="DESKTOP-OGJN7AI" failures="0" tests="1" name="Practise.ParameterizationExec" time="0.010" errors="0" timestamp="2020-11-11T12:26:09 IST" skipped="0">
  <testcase classname="Practise.ParameterizationExec" name="test1" time="0.010"/>
  <system-out/>
</testsuite> <!-- Practise.ParameterizationExec -->
