<?xml version="1.0" encoding="UTF-8"?>
<!-- Generated by org.testng.reporters.JUnitReportReporter -->
<testsuite hostname="DESKTOP-OGJN7AI" failures="0" tests="1" name="Practise.SuperExample" time="0.006" errors="0" timestamp="2020-11-02T16:47:28 IST" skipped="0">
  <testcase classname="Practise.SuperExample" name="test1" time="0.006"/>
  <system-out/>
</testsuite> <!-- Practise.SuperExample -->
