<?xml version="1.0" encoding="UTF-8"?>
<!-- Generated by org.testng.reporters.JUnitReportReporter -->
<testsuite hostname="DESKTOP-OGJN7AI" failures="0" tests="1" name="Practise.WebappLogin" time="10.594" errors="0" timestamp="2020-11-07T16:15:23 IST" skipped="0">
  <testcase classname="Practise.WebappLogin" name="test1" time="10.594"/>
  <system-out/>
</testsuite> <!-- Practise.WebappLogin -->
