<?xml version="1.0" encoding="UTF-8"?>
<!-- Generated by org.testng.reporters.JUnitReportReporter -->
<testsuite hostname="DESKTOP-OGJN7AI" failures="0" tests="1" name="Practise.BrokenImages" time="159.558" errors="0" timestamp="2020-11-11T12:00:04 IST" skipped="0">
  <testcase classname="Practise.BrokenImages" name="Images" time="159.558"/>
  <system-out/>
</testsuite> <!-- Practise.BrokenImages -->
