<?xml version="1.0" encoding="UTF-8"?>
<!-- Generated by org.testng.reporters.JUnitReportReporter -->
<testsuite hostname="DESKTOP-OGJN7AI" failures="0" tests="1" name="Practise.ExtentReportImplement" time="0.345" errors="0" timestamp="2020-11-11T14:44:54 IST" skipped="0">
  <testcase classname="Practise.ExtentReportImplement" name="test1" time="0.345"/>
  <system-out/>
</testsuite> <!-- Practise.ExtentReportImplement -->
