<?xml version="1.0" encoding="UTF-8"?>
<!-- Generated by org.testng.reporters.JUnitReportReporter -->
<testsuite hostname="DESKTOP-OGJN7AI" failures="0" tests="1" name="Practise.ReadingTable" time="29.152" errors="0" timestamp="2020-11-08T17:36:19 IST" skipped="0">
  <testcase classname="Practise.ReadingTable" name="tableread" time="29.152"/>
  <system-out/>
</testsuite> <!-- Practise.ReadingTable -->
