<?xml version="1.0" encoding="UTF-8"?>
<!-- Generated by org.testng.reporters.JUnitReportReporter -->
<testsuite hostname="DESKTOP-OGJN7AI" failures="0" tests="2" name="Practise.StaticBlock" time="0.008" errors="0" timestamp="2020-11-03T12:01:02 IST" skipped="0">
  <testcase classname="Practise.StaticBlock" name="test1" time="0.007"/>
  <system-out/>
  <testcase classname="Practise.StaticBlock" name="test2" time="0.001"/>
  <system-out/>
</testsuite> <!-- Practise.StaticBlock -->
