<?xml version="1.0" encoding="UTF-8"?>
<!-- Generated by org.testng.reporters.JUnitReportReporter -->
<testsuite hostname="DESKTOP-OGJN7AI" failures="0" tests="1" name="Practise.WritingToExcel" time="4186.378" errors="0" timestamp="2020-10-09T22:00:15 IST" skipped="0">
  <testcase classname="Practise.WritingToExcel" name="testcase1" time="4186.378"/>
  <system-out/>
</testsuite> <!-- Practise.WritingToExcel -->
