<?xml version="1.0" encoding="UTF-8"?>
<!-- Generated by org.testng.reporters.JUnitReportReporter -->
<testsuite hostname="DESKTOP-OGJN7AI" failures="0" tests="3" name="Practise.DependenciesCheck" time="3.018" errors="0" timestamp="2020-11-11T13:48:05 IST" skipped="0">
  <testcase classname="Practise.DependenciesCheck" name="test3" time="1.006"/>
  <system-out/>
  <testcase classname="Practise.DependenciesCheck" name="test2" time="1.006"/>
  <system-out/>
  <testcase classname="Practise.DependenciesCheck" name="test1" time="1.006"/>
  <system-out/>
</testsuite> <!-- Practise.DependenciesCheck -->
