<?xml version="1.0" encoding="UTF-8"?>
<!-- Generated by org.testng.reporters.JUnitReportReporter -->
<testsuite hostname="DESKTOP-OGJN7AI" failures="0" tests="1" name="Practise.Creatingversions" time="79.789" errors="0" timestamp="2020-11-06T15:22:28 IST" skipped="0">
  <testcase classname="Practise.Creatingversions" name="testcase1" time="79.789"/>
  <system-out/>
</testsuite> <!-- Practise.Creatingversions -->
