<?xml version="1.0" encoding="UTF-8"?>
<!-- Generated by org.testng.reporters.JUnitReportReporter -->
<testsuite hostname="DESKTOP-OGJN7AI" failures="0" tests="2" name="Practise.ParameterThroughMethod" time="0.006" errors="0" timestamp="2020-11-11T13:10:26 IST" skipped="0">
  <testcase classname="Practise.ParameterThroughMethod" name="test1" time="0.001"/>
  <system-out/>
  <testcase classname="Practise.ParameterThroughMethod" name="test1" time="0.005"/>
  <system-out/>
</testsuite> <!-- Practise.ParameterThroughMethod -->
