<?xml version="1.0" encoding="UTF-8"?>
<!-- Generated by org.testng.reporters.JUnitReportReporter -->
<testsuite hostname="DESKTOP-OGJN7AI" failures="0" tests="1" name="Practise.ReadingExcel" time="0.461" errors="0" timestamp="2020-11-08T13:01:14 IST" skipped="0">
  <testcase classname="Practise.ReadingExcel" name="ReadingExcel" time="0.461"/>
  <system-out/>
</testsuite> <!-- Practise.ReadingExcel -->
