<?xml version="1.0" encoding="UTF-8"?>
<!-- Generated by org.testng.reporters.JUnitReportReporter -->
<testsuite hostname="DESKTOP-OGJN7AI" failures="0" tests="1" name="Practise.Tables" time="10.464" errors="0" timestamp="2020-10-22T15:21:36 IST" skipped="0">
  <testcase classname="Practise.Tables" name="test1" time="10.464"/>
  <system-out/>
</testsuite> <!-- Practise.Tables -->
