<?xml version="1.0" encoding="UTF-8"?>
<!-- Generated by org.testng.reporters.JUnitReportReporter -->
<testsuite hostname="DESKTOP-OGJN7AI" failures="0" tests="2" name="Practise.Inheri" time="0.008" errors="0" timestamp="2020-11-02T16:32:31 IST" skipped="0">
  <testcase classname="Practise.Inheri" name="test1" time="0.001"/>
  <system-out/>
  <testcase classname="Practise.Inheri" name="Test1" time="0.007"/>
  <system-out/>
</testsuite> <!-- Practise.Inheri -->
