<?xml version="1.0" encoding="UTF-8"?>
<!-- Generated by org.testng.reporters.JUnitReportReporter -->
<testsuite hostname="DESKTOP-OGJN7AI" failures="0" tests="1" name="Practise.readingInput" time="3.086" errors="0" timestamp="2020-11-01T11:51:52 IST" skipped="0">
  <testcase classname="Practise.readingInput" name="test1" time="3.086"/>
  <system-out/>
</testsuite> <!-- Practise.readingInput -->
