<?xml version="1.0" encoding="UTF-8"?>
<!-- Generated by org.testng.reporters.JUnitReportReporter -->
<testsuite hostname="DESKTOP-OGJN7AI" failures="0" tests="2" name="Practise.SkipTest" time="0.014" errors="0" timestamp="2020-11-11T12:17:29 IST" skipped="0">
  <testcase classname="Practise.SkipTest" name="test1" time="0.012"/>
  <system-out/>
  <testcase classname="Practise.SkipTest" name="test3" time="0.002"/>
  <system-out/>
</testsuite> <!-- Practise.SkipTest -->
