<?xml version="1.0" encoding="UTF-8"?>
<!-- Generated by org.testng.reporters.JUnitReportReporter -->
<testsuite hostname="DESKTOP-OGJN7AI" failures="0" tests="1" name="Practise.testcase1" time="0.000" errors="0" timestamp="2020-09-25T12:31:30 IST" skipped="0">
  <testcase classname="Practise.testcase1" name="test2" time="0.000"/>
  <system-out/>
</testsuite> <!-- Practise.testcase1 -->
