<?xml version="1.0" encoding="UTF-8"?>
<!-- Generated by org.testng.reporters.JUnitReportReporter -->
<testsuite hostname="DESKTOP-OGJN7AI" failures="0" tests="4" name="Practise.DependOn" time="0.002" errors="0" timestamp="2020-11-11T15:01:57 IST" skipped="0">
  <testcase classname="Practise.DependOn" name="test1" time="0.002"/>
  <system-out/>
  <testcase classname="Practise.DependOn" name="test4" time="0.000"/>
  <system-out/>
  <testcase classname="Practise.DependOn" name="test3" time="0.000"/>
  <system-out/>
  <testcase classname="Practise.DependOn" name="test2" time="0.000"/>
  <system-out/>
</testsuite> <!-- Practise.DependOn -->
